<?xml version="1.0" encoding="UTF-8"?>
<testng-results ignored="0" total="22" passed="22" failed="0" skipped="0">
  <reporter-output>
  </reporter-output>
  <suite started-at="2025-11-26T16:28:30 IST" name="Suite" finished-at="2025-11-26T16:29:28 IST" duration-ms="57395">
    <groups>
      <group name="cucumber">
        <method signature="AbstractTestNGCucumberTests.runScenario(io.cucumber.testng.PickleWrapper, io.cucumber.testng.FeatureWrapper)[pri:0, instance:testrunner@44a664f2]" name="runScenario" class="io.cucumber.testng.AbstractTestNGCucumberTests"/>
      </group> <!-- cucumber -->
    </groups>
    <test started-at="2025-11-26T16:28:30 IST" name="Test" finished-at="2025-11-26T16:29:28 IST" duration-ms="57359">
      <class name="testrunner">
        <test-method is-config="true" signature="setUpClass()[pri:0, instance:testrunner@44a664f2]" started-at="2025-11-26T16:28:30 IST" name="setUpClass" finished-at="2025-11-26T16:28:31 IST" duration-ms="544" status="PASS">
          <reporter-output>
          </reporter-output>
        </test-method> <!-- setUpClass -->
        <test-method signature="runScenario(io.cucumber.testng.PickleWrapper, io.cucumber.testng.FeatureWrapper)[pri:0, instance:testrunner@44a664f2]" started-at="2025-11-26T16:28:31 IST" name="runScenario" description="Runs Cucumber Scenarios" data-provider="scenarios" finished-at="2025-11-26T16:28:34 IST" duration-ms="2899" status="PASS">
          <params>
            <param index="0">
              <value>
                <![CDATA["Add a product to cart"]]>
              </value>
            </param>
            <param index="1">
              <value>
                <![CDATA["Optional[Shopping cart functionality]"]]>
              </value>
            </param>
          </params>
          <reporter-output>
          </reporter-output>
        </test-method> <!-- runScenario -->
        <test-method signature="runScenario(io.cucumber.testng.PickleWrapper, io.cucumber.testng.FeatureWrapper)[pri:0, instance:testrunner@44a664f2]" started-at="2025-11-26T16:28:34 IST" name="runScenario" description="Runs Cucumber Scenarios" data-provider="scenarios" finished-at="2025-11-26T16:28:36 IST" duration-ms="2361" status="PASS">
          <params>
            <param index="0">
              <value>
                <![CDATA["Remove a product from cart"]]>
              </value>
            </param>
            <param index="1">
              <value>
                <![CDATA["Optional[Shopping cart functionality]"]]>
              </value>
            </param>
          </params>
          <reporter-output>
          </reporter-output>
        </test-method> <!-- runScenario -->
        <test-method signature="runScenario(io.cucumber.testng.PickleWrapper, io.cucumber.testng.FeatureWrapper)[pri:0, instance:testrunner@44a664f2]" started-at="2025-11-26T16:28:36 IST" name="runScenario" description="Runs Cucumber Scenarios" data-provider="scenarios" finished-at="2025-11-26T16:28:41 IST" duration-ms="4566" status="PASS">
          <params>
            <param index="0">
              <value>
                <![CDATA["Successfull checkout"]]>
              </value>
            </param>
            <param index="1">
              <value>
                <![CDATA["Optional[Checkout functionality]"]]>
              </value>
            </param>
          </params>
          <reporter-output>
          </reporter-output>
        </test-method> <!-- runScenario -->
        <test-method signature="runScenario(io.cucumber.testng.PickleWrapper, io.cucumber.testng.FeatureWrapper)[pri:0, instance:testrunner@44a664f2]" started-at="2025-11-26T16:28:41 IST" name="runScenario" description="Runs Cucumber Scenarios" data-provider="scenarios" finished-at="2025-11-26T16:28:46 IST" duration-ms="4785" status="PASS">
          <params>
            <param index="0">
              <value>
                <![CDATA["Unsuccessfull checkout"]]>
              </value>
            </param>
            <param index="1">
              <value>
                <![CDATA["Optional[Checkout functionality]"]]>
              </value>
            </param>
          </params>
          <reporter-output>
          </reporter-output>
        </test-method> <!-- runScenario -->
        <test-method signature="runScenario(io.cucumber.testng.PickleWrapper, io.cucumber.testng.FeatureWrapper)[pri:0, instance:testrunner@44a664f2]" started-at="2025-11-26T16:28:46 IST" name="runScenario" description="Runs Cucumber Scenarios" data-provider="scenarios" finished-at="2025-11-26T16:28:48 IST" duration-ms="2139" status="PASS">
          <params>
            <param index="0">
              <value>
                <![CDATA["Filter products by a to z"]]>
              </value>
            </param>
            <param index="1">
              <value>
                <![CDATA["Optional[Filtering products]"]]>
              </value>
            </param>
          </params>
          <reporter-output>
          </reporter-output>
        </test-method> <!-- runScenario -->
        <test-method signature="runScenario(io.cucumber.testng.PickleWrapper, io.cucumber.testng.FeatureWrapper)[pri:0, instance:testrunner@44a664f2]" started-at="2025-11-26T16:28:48 IST" name="runScenario" description="Runs Cucumber Scenarios" data-provider="scenarios" finished-at="2025-11-26T16:28:50 IST" duration-ms="2155" status="PASS">
          <params>
            <param index="0">
              <value>
                <![CDATA["Filter products by a to z"]]>
              </value>
            </param>
            <param index="1">
              <value>
                <![CDATA["Optional[Filtering products]"]]>
              </value>
            </param>
          </params>
          <reporter-output>
          </reporter-output>
        </test-method> <!-- runScenario -->
        <test-method signature="runScenario(io.cucumber.testng.PickleWrapper, io.cucumber.testng.FeatureWrapper)[pri:0, instance:testrunner@44a664f2]" started-at="2025-11-26T16:28:50 IST" name="runScenario" description="Runs Cucumber Scenarios" data-provider="scenarios" finished-at="2025-11-26T16:28:52 IST" duration-ms="2128" status="PASS">
          <params>
            <param index="0">
              <value>
                <![CDATA["Filter products by a to z"]]>
              </value>
            </param>
            <param index="1">
              <value>
                <![CDATA["Optional[Filtering products]"]]>
              </value>
            </param>
          </params>
          <reporter-output>
          </reporter-output>
        </test-method> <!-- runScenario -->
        <test-method signature="runScenario(io.cucumber.testng.PickleWrapper, io.cucumber.testng.FeatureWrapper)[pri:0, instance:testrunner@44a664f2]" started-at="2025-11-26T16:28:52 IST" name="runScenario" description="Runs Cucumber Scenarios" data-provider="scenarios" finished-at="2025-11-26T16:28:54 IST" duration-ms="2170" status="PASS">
          <params>
            <param index="0">
              <value>
                <![CDATA["Filter products by a to z"]]>
              </value>
            </param>
            <param index="1">
              <value>
                <![CDATA["Optional[Filtering products]"]]>
              </value>
            </param>
          </params>
          <reporter-output>
          </reporter-output>
        </test-method> <!-- runScenario -->
        <test-method signature="runScenario(io.cucumber.testng.PickleWrapper, io.cucumber.testng.FeatureWrapper)[pri:0, instance:testrunner@44a664f2]" started-at="2025-11-26T16:28:54 IST" name="runScenario" description="Runs Cucumber Scenarios" data-provider="scenarios" finished-at="2025-11-26T16:28:56 IST" duration-ms="1845" status="PASS">
          <params>
            <param index="0">
              <value>
                <![CDATA["Login with different valid credentials"]]>
              </value>
            </param>
            <param index="1">
              <value>
                <![CDATA["Optional[Login functionality]"]]>
              </value>
            </param>
          </params>
          <reporter-output>
          </reporter-output>
        </test-method> <!-- runScenario -->
        <test-method signature="runScenario(io.cucumber.testng.PickleWrapper, io.cucumber.testng.FeatureWrapper)[pri:0, instance:testrunner@44a664f2]" started-at="2025-11-26T16:28:56 IST" name="runScenario" description="Runs Cucumber Scenarios" data-provider="scenarios" finished-at="2025-11-26T16:28:58 IST" duration-ms="1994" status="PASS">
          <params>
            <param index="0">
              <value>
                <![CDATA["Login with different valid credentials"]]>
              </value>
            </param>
            <param index="1">
              <value>
                <![CDATA["Optional[Login functionality]"]]>
              </value>
            </param>
          </params>
          <reporter-output>
          </reporter-output>
        </test-method> <!-- runScenario -->
        <test-method signature="runScenario(io.cucumber.testng.PickleWrapper, io.cucumber.testng.FeatureWrapper)[pri:0, instance:testrunner@44a664f2]" started-at="2025-11-26T16:28:58 IST" name="runScenario" description="Runs Cucumber Scenarios" data-provider="scenarios" finished-at="2025-11-26T16:29:05 IST" duration-ms="6987" status="PASS">
          <params>
            <param index="0">
              <value>
                <![CDATA["Login with different valid credentials"]]>
              </value>
            </param>
            <param index="1">
              <value>
                <![CDATA["Optional[Login functionality]"]]>
              </value>
            </param>
          </params>
          <reporter-output>
          </reporter-output>
        </test-method> <!-- runScenario -->
        <test-method signature="runScenario(io.cucumber.testng.PickleWrapper, io.cucumber.testng.FeatureWrapper)[pri:0, instance:testrunner@44a664f2]" started-at="2025-11-26T16:29:05 IST" name="runScenario" description="Runs Cucumber Scenarios" data-provider="scenarios" finished-at="2025-11-26T16:29:07 IST" duration-ms="1904" status="PASS">
          <params>
            <param index="0">
              <value>
                <![CDATA["Login with different valid credentials"]]>
              </value>
            </param>
            <param index="1">
              <value>
                <![CDATA["Optional[Login functionality]"]]>
              </value>
            </param>
          </params>
          <reporter-output>
          </reporter-output>
        </test-method> <!-- runScenario -->
        <test-method signature="runScenario(io.cucumber.testng.PickleWrapper, io.cucumber.testng.FeatureWrapper)[pri:0, instance:testrunner@44a664f2]" started-at="2025-11-26T16:29:07 IST" name="runScenario" description="Runs Cucumber Scenarios" data-provider="scenarios" finished-at="2025-11-26T16:29:09 IST" duration-ms="1885" status="PASS">
          <params>
            <param index="0">
              <value>
                <![CDATA["Login with different valid credentials"]]>
              </value>
            </param>
            <param index="1">
              <value>
                <![CDATA["Optional[Login functionality]"]]>
              </value>
            </param>
          </params>
          <reporter-output>
          </reporter-output>
        </test-method> <!-- runScenario -->
        <test-method signature="runScenario(io.cucumber.testng.PickleWrapper, io.cucumber.testng.FeatureWrapper)[pri:0, instance:testrunner@44a664f2]" started-at="2025-11-26T16:29:09 IST" name="runScenario" description="Runs Cucumber Scenarios" data-provider="scenarios" finished-at="2025-11-26T16:29:11 IST" duration-ms="1839" status="PASS">
          <params>
            <param index="0">
              <value>
                <![CDATA["Login with different invalid credentials"]]>
              </value>
            </param>
            <param index="1">
              <value>
                <![CDATA["Optional[Login functionality]"]]>
              </value>
            </param>
          </params>
          <reporter-output>
          </reporter-output>
        </test-method> <!-- runScenario -->
        <test-method signature="runScenario(io.cucumber.testng.PickleWrapper, io.cucumber.testng.FeatureWrapper)[pri:0, instance:testrunner@44a664f2]" started-at="2025-11-26T16:29:11 IST" name="runScenario" description="Runs Cucumber Scenarios" data-provider="scenarios" finished-at="2025-11-26T16:29:12 IST" duration-ms="1877" status="PASS">
          <params>
            <param index="0">
              <value>
                <![CDATA["Login with different invalid credentials"]]>
              </value>
            </param>
            <param index="1">
              <value>
                <![CDATA["Optional[Login functionality]"]]>
              </value>
            </param>
          </params>
          <reporter-output>
          </reporter-output>
        </test-method> <!-- runScenario -->
        <test-method signature="runScenario(io.cucumber.testng.PickleWrapper, io.cucumber.testng.FeatureWrapper)[pri:0, instance:testrunner@44a664f2]" started-at="2025-11-26T16:29:12 IST" name="runScenario" description="Runs Cucumber Scenarios" data-provider="scenarios" finished-at="2025-11-26T16:29:14 IST" duration-ms="1779" status="PASS">
          <params>
            <param index="0">
              <value>
                <![CDATA["Login with different invalid credentials"]]>
              </value>
            </param>
            <param index="1">
              <value>
                <![CDATA["Optional[Login functionality]"]]>
              </value>
            </param>
          </params>
          <reporter-output>
          </reporter-output>
        </test-method> <!-- runScenario -->
        <test-method signature="runScenario(io.cucumber.testng.PickleWrapper, io.cucumber.testng.FeatureWrapper)[pri:0, instance:testrunner@44a664f2]" started-at="2025-11-26T16:29:14 IST" name="runScenario" description="Runs Cucumber Scenarios" data-provider="scenarios" finished-at="2025-11-26T16:29:16 IST" duration-ms="1707" status="PASS">
          <params>
            <param index="0">
              <value>
                <![CDATA["Login with different invalid credentials"]]>
              </value>
            </param>
            <param index="1">
              <value>
                <![CDATA["Optional[Login functionality]"]]>
              </value>
            </param>
          </params>
          <reporter-output>
          </reporter-output>
        </test-method> <!-- runScenario -->
        <test-method signature="runScenario(io.cucumber.testng.PickleWrapper, io.cucumber.testng.FeatureWrapper)[pri:0, instance:testrunner@44a664f2]" started-at="2025-11-26T16:29:16 IST" name="runScenario" description="Runs Cucumber Scenarios" data-provider="scenarios" finished-at="2025-11-26T16:29:18 IST" duration-ms="1871" status="PASS">
          <params>
            <param index="0">
              <value>
                <![CDATA["Login with different invalid credentials"]]>
              </value>
            </param>
            <param index="1">
              <value>
                <![CDATA["Optional[Login functionality]"]]>
              </value>
            </param>
          </params>
          <reporter-output>
          </reporter-output>
        </test-method> <!-- runScenario -->
        <test-method signature="runScenario(io.cucumber.testng.PickleWrapper, io.cucumber.testng.FeatureWrapper)[pri:0, instance:testrunner@44a664f2]" started-at="2025-11-26T16:29:18 IST" name="runScenario" description="Runs Cucumber Scenarios" data-provider="scenarios" finished-at="2025-11-26T16:29:22 IST" duration-ms="4091" status="PASS">
          <params>
            <param index="0">
              <value>
                <![CDATA["Verify logout"]]>
              </value>
            </param>
            <param index="1">
              <value>
                <![CDATA["Optional[Logout functionality]"]]>
              </value>
            </param>
          </params>
          <reporter-output>
          </reporter-output>
        </test-method> <!-- runScenario -->
        <test-method signature="runScenario(io.cucumber.testng.PickleWrapper, io.cucumber.testng.FeatureWrapper)[pri:0, instance:testrunner@44a664f2]" started-at="2025-11-26T16:29:22 IST" name="runScenario" description="Runs Cucumber Scenarios" data-provider="scenarios" finished-at="2025-11-26T16:29:24 IST" duration-ms="1881" status="PASS">
          <params>
            <param index="0">
              <value>
                <![CDATA["Verify product page title"]]>
              </value>
            </param>
            <param index="1">
              <value>
                <![CDATA["Optional[product page]"]]>
              </value>
            </param>
          </params>
          <reporter-output>
          </reporter-output>
        </test-method> <!-- runScenario -->
        <test-method signature="runScenario(io.cucumber.testng.PickleWrapper, io.cucumber.testng.FeatureWrapper)[pri:0, instance:testrunner@44a664f2]" started-at="2025-11-26T16:29:24 IST" name="runScenario" description="Runs Cucumber Scenarios" data-provider="scenarios" finished-at="2025-11-26T16:29:26 IST" duration-ms="1885" status="PASS">
          <params>
            <param index="0">
              <value>
                <![CDATA["Verify product list is displayed"]]>
              </value>
            </param>
            <param index="1">
              <value>
                <![CDATA["Optional[product page]"]]>
              </value>
            </param>
          </params>
          <reporter-output>
          </reporter-output>
        </test-method> <!-- runScenario -->
        <test-method signature="runScenario(io.cucumber.testng.PickleWrapper, io.cucumber.testng.FeatureWrapper)[pri:0, instance:testrunner@44a664f2]" started-at="2025-11-26T16:29:26 IST" name="runScenario" description="Runs Cucumber Scenarios" data-provider="scenarios" finished-at="2025-11-26T16:29:28 IST" duration-ms="1986" status="PASS">
          <params>
            <param index="0">
              <value>
                <![CDATA["Verify product details"]]>
              </value>
            </param>
            <param index="1">
              <value>
                <![CDATA["Optional[product page]"]]>
              </value>
            </param>
          </params>
          <reporter-output>
          </reporter-output>
        </test-method> <!-- runScenario -->
        <test-method is-config="true" signature="tearDownClass()[pri:0, instance:testrunner@44a664f2]" started-at="2025-11-26T16:29:28 IST" name="tearDownClass" finished-at="2025-11-26T16:29:28 IST" duration-ms="42" status="PASS">
          <reporter-output>
          </reporter-output>
        </test-method> <!-- tearDownClass -->
      </class> <!-- testrunner -->
    </test> <!-- Test -->
    <test started-at="2025-11-26T16:29:28 IST" name="Reporter" finished-at="2025-11-26T16:29:28 IST" duration-ms="0">
      <class name="utilities.reportGenerator">
        <test-method is-config="true" signature="beforeSuite()[pri:0, instance:utilities.reportGenerator@123f1134]" started-at="2025-11-26T16:28:30 IST" name="beforeSuite" finished-at="2025-11-26T16:28:30 IST" duration-ms="150" status="PASS">
          <reporter-output>
          </reporter-output>
        </test-method> <!-- beforeSuite -->
        <test-method is-config="true" signature="afterSuite()[pri:0, instance:utilities.reportGenerator@123f1134]" started-at="2025-11-26T16:29:28 IST" name="afterSuite" finished-at="2025-11-26T16:29:28 IST" duration-ms="249" status="PASS">
          <reporter-output>
          </reporter-output>
        </test-method> <!-- afterSuite -->
      </class> <!-- utilities.reportGenerator -->
    </test> <!-- Reporter -->
  </suite> <!-- Suite -->
</testng-results>
