<?xml version="1.0" encoding="UTF-8"?>
<testng-results ignored="0" total="22" passed="22" failed="0" skipped="0">
  <reporter-output>
  </reporter-output>
  <suite started-at="2025-11-26T16:06:50 IST" name="Suite" finished-at="2025-11-26T16:07:51 IST" duration-ms="60177">
    <groups>
      <group name="cucumber">
        <method signature="AbstractTestNGCucumberTests.runScenario(io.cucumber.testng.PickleWrapper, io.cucumber.testng.FeatureWrapper)[pri:0, instance:testrunner@8b96fde]" name="runScenario" class="io.cucumber.testng.AbstractTestNGCucumberTests"/>
      </group> <!-- cucumber -->
    </groups>
    <test started-at="2025-11-26T16:06:50 IST" name="Test" finished-at="2025-11-26T16:07:51 IST" duration-ms="60122">
      <class name="testrunner">
        <test-method is-config="true" signature="setUpClass()[pri:0, instance:testrunner@8b96fde]" started-at="2025-11-26T16:06:51 IST" name="setUpClass" finished-at="2025-11-26T16:06:51 IST" duration-ms="280" status="PASS">
          <reporter-output>
          </reporter-output>
        </test-method> <!-- setUpClass -->
        <test-method signature="runScenario(io.cucumber.testng.PickleWrapper, io.cucumber.testng.FeatureWrapper)[pri:0, instance:testrunner@8b96fde]" started-at="2025-11-26T16:06:51 IST" name="runScenario" description="Runs Cucumber Scenarios" data-provider="scenarios" finished-at="2025-11-26T16:06:54 IST" duration-ms="3153" status="PASS">
          <params>
            <param index="0">
              <value>
                <![CDATA["Add a product to cart"]]>
              </value>
            </param>
            <param index="1">
              <value>
                <![CDATA["Optional[Shopping cart functionality]"]]>
              </value>
            </param>
          </params>
          <reporter-output>
          </reporter-output>
        </test-method> <!-- runScenario -->
        <test-method signature="runScenario(io.cucumber.testng.PickleWrapper, io.cucumber.testng.FeatureWrapper)[pri:0, instance:testrunner@8b96fde]" started-at="2025-11-26T16:06:54 IST" name="runScenario" description="Runs Cucumber Scenarios" data-provider="scenarios" finished-at="2025-11-26T16:06:56 IST" duration-ms="2189" status="PASS">
          <params>
            <param index="0">
              <value>
                <![CDATA["Remove a product from cart"]]>
              </value>
            </param>
            <param index="1">
              <value>
                <![CDATA["Optional[Shopping cart functionality]"]]>
              </value>
            </param>
          </params>
          <reporter-output>
          </reporter-output>
        </test-method> <!-- runScenario -->
        <test-method signature="runScenario(io.cucumber.testng.PickleWrapper, io.cucumber.testng.FeatureWrapper)[pri:0, instance:testrunner@8b96fde]" started-at="2025-11-26T16:06:56 IST" name="runScenario" description="Runs Cucumber Scenarios" data-provider="scenarios" finished-at="2025-11-26T16:07:01 IST" duration-ms="4677" status="PASS">
          <params>
            <param index="0">
              <value>
                <![CDATA["Successfull checkout"]]>
              </value>
            </param>
            <param index="1">
              <value>
                <![CDATA["Optional[Checkout functionality]"]]>
              </value>
            </param>
          </params>
          <reporter-output>
          </reporter-output>
        </test-method> <!-- runScenario -->
        <test-method signature="runScenario(io.cucumber.testng.PickleWrapper, io.cucumber.testng.FeatureWrapper)[pri:0, instance:testrunner@8b96fde]" started-at="2025-11-26T16:07:01 IST" name="runScenario" description="Runs Cucumber Scenarios" data-provider="scenarios" finished-at="2025-11-26T16:07:06 IST" duration-ms="4995" status="PASS">
          <params>
            <param index="0">
              <value>
                <![CDATA["Unsuccessfull checkout"]]>
              </value>
            </param>
            <param index="1">
              <value>
                <![CDATA["Optional[Checkout functionality]"]]>
              </value>
            </param>
          </params>
          <reporter-output>
          </reporter-output>
        </test-method> <!-- runScenario -->
        <test-method signature="runScenario(io.cucumber.testng.PickleWrapper, io.cucumber.testng.FeatureWrapper)[pri:0, instance:testrunner@8b96fde]" started-at="2025-11-26T16:07:06 IST" name="runScenario" description="Runs Cucumber Scenarios" data-provider="scenarios" finished-at="2025-11-26T16:07:08 IST" duration-ms="2334" status="PASS">
          <params>
            <param index="0">
              <value>
                <![CDATA["Filter products by a to z"]]>
              </value>
            </param>
            <param index="1">
              <value>
                <![CDATA["Optional[Filtering products]"]]>
              </value>
            </param>
          </params>
          <reporter-output>
          </reporter-output>
        </test-method> <!-- runScenario -->
        <test-method signature="runScenario(io.cucumber.testng.PickleWrapper, io.cucumber.testng.FeatureWrapper)[pri:0, instance:testrunner@8b96fde]" started-at="2025-11-26T16:07:08 IST" name="runScenario" description="Runs Cucumber Scenarios" data-provider="scenarios" finished-at="2025-11-26T16:07:10 IST" duration-ms="2209" status="PASS">
          <params>
            <param index="0">
              <value>
                <![CDATA["Filter products by a to z"]]>
              </value>
            </param>
            <param index="1">
              <value>
                <![CDATA["Optional[Filtering products]"]]>
              </value>
            </param>
          </params>
          <reporter-output>
          </reporter-output>
        </test-method> <!-- runScenario -->
        <test-method signature="runScenario(io.cucumber.testng.PickleWrapper, io.cucumber.testng.FeatureWrapper)[pri:0, instance:testrunner@8b96fde]" started-at="2025-11-26T16:07:10 IST" name="runScenario" description="Runs Cucumber Scenarios" data-provider="scenarios" finished-at="2025-11-26T16:07:12 IST" duration-ms="2124" status="PASS">
          <params>
            <param index="0">
              <value>
                <![CDATA["Filter products by a to z"]]>
              </value>
            </param>
            <param index="1">
              <value>
                <![CDATA["Optional[Filtering products]"]]>
              </value>
            </param>
          </params>
          <reporter-output>
          </reporter-output>
        </test-method> <!-- runScenario -->
        <test-method signature="runScenario(io.cucumber.testng.PickleWrapper, io.cucumber.testng.FeatureWrapper)[pri:0, instance:testrunner@8b96fde]" started-at="2025-11-26T16:07:12 IST" name="runScenario" description="Runs Cucumber Scenarios" data-provider="scenarios" finished-at="2025-11-26T16:07:15 IST" duration-ms="2203" status="PASS">
          <params>
            <param index="0">
              <value>
                <![CDATA["Filter products by a to z"]]>
              </value>
            </param>
            <param index="1">
              <value>
                <![CDATA["Optional[Filtering products]"]]>
              </value>
            </param>
          </params>
          <reporter-output>
          </reporter-output>
        </test-method> <!-- runScenario -->
        <test-method signature="runScenario(io.cucumber.testng.PickleWrapper, io.cucumber.testng.FeatureWrapper)[pri:0, instance:testrunner@8b96fde]" started-at="2025-11-26T16:07:15 IST" name="runScenario" description="Runs Cucumber Scenarios" data-provider="scenarios" finished-at="2025-11-26T16:07:17 IST" duration-ms="1893" status="PASS">
          <params>
            <param index="0">
              <value>
                <![CDATA["Login with different valid credentials"]]>
              </value>
            </param>
            <param index="1">
              <value>
                <![CDATA["Optional[Login functionality]"]]>
              </value>
            </param>
          </params>
          <reporter-output>
          </reporter-output>
        </test-method> <!-- runScenario -->
        <test-method signature="runScenario(io.cucumber.testng.PickleWrapper, io.cucumber.testng.FeatureWrapper)[pri:0, instance:testrunner@8b96fde]" started-at="2025-11-26T16:07:17 IST" name="runScenario" description="Runs Cucumber Scenarios" data-provider="scenarios" finished-at="2025-11-26T16:07:19 IST" duration-ms="2055" status="PASS">
          <params>
            <param index="0">
              <value>
                <![CDATA["Login with different valid credentials"]]>
              </value>
            </param>
            <param index="1">
              <value>
                <![CDATA["Optional[Login functionality]"]]>
              </value>
            </param>
          </params>
          <reporter-output>
          </reporter-output>
        </test-method> <!-- runScenario -->
        <test-method signature="runScenario(io.cucumber.testng.PickleWrapper, io.cucumber.testng.FeatureWrapper)[pri:0, instance:testrunner@8b96fde]" started-at="2025-11-26T16:07:19 IST" name="runScenario" description="Runs Cucumber Scenarios" data-provider="scenarios" finished-at="2025-11-26T16:07:26 IST" duration-ms="6877" status="PASS">
          <params>
            <param index="0">
              <value>
                <![CDATA["Login with different valid credentials"]]>
              </value>
            </param>
            <param index="1">
              <value>
                <![CDATA["Optional[Login functionality]"]]>
              </value>
            </param>
          </params>
          <reporter-output>
          </reporter-output>
        </test-method> <!-- runScenario -->
        <test-method signature="runScenario(io.cucumber.testng.PickleWrapper, io.cucumber.testng.FeatureWrapper)[pri:0, instance:testrunner@8b96fde]" started-at="2025-11-26T16:07:26 IST" name="runScenario" description="Runs Cucumber Scenarios" data-provider="scenarios" finished-at="2025-11-26T16:07:28 IST" duration-ms="2350" status="PASS">
          <params>
            <param index="0">
              <value>
                <![CDATA["Login with different valid credentials"]]>
              </value>
            </param>
            <param index="1">
              <value>
                <![CDATA["Optional[Login functionality]"]]>
              </value>
            </param>
          </params>
          <reporter-output>
          </reporter-output>
        </test-method> <!-- runScenario -->
        <test-method signature="runScenario(io.cucumber.testng.PickleWrapper, io.cucumber.testng.FeatureWrapper)[pri:0, instance:testrunner@8b96fde]" started-at="2025-11-26T16:07:28 IST" name="runScenario" description="Runs Cucumber Scenarios" data-provider="scenarios" finished-at="2025-11-26T16:07:30 IST" duration-ms="2164" status="PASS">
          <params>
            <param index="0">
              <value>
                <![CDATA["Login with different valid credentials"]]>
              </value>
            </param>
            <param index="1">
              <value>
                <![CDATA["Optional[Login functionality]"]]>
              </value>
            </param>
          </params>
          <reporter-output>
          </reporter-output>
        </test-method> <!-- runScenario -->
        <test-method signature="runScenario(io.cucumber.testng.PickleWrapper, io.cucumber.testng.FeatureWrapper)[pri:0, instance:testrunner@8b96fde]" started-at="2025-11-26T16:07:30 IST" name="runScenario" description="Runs Cucumber Scenarios" data-provider="scenarios" finished-at="2025-11-26T16:07:32 IST" duration-ms="1940" status="PASS">
          <params>
            <param index="0">
              <value>
                <![CDATA["Login with different invalid credentials"]]>
              </value>
            </param>
            <param index="1">
              <value>
                <![CDATA["Optional[Login functionality]"]]>
              </value>
            </param>
          </params>
          <reporter-output>
          </reporter-output>
        </test-method> <!-- runScenario -->
        <test-method signature="runScenario(io.cucumber.testng.PickleWrapper, io.cucumber.testng.FeatureWrapper)[pri:0, instance:testrunner@8b96fde]" started-at="2025-11-26T16:07:32 IST" name="runScenario" description="Runs Cucumber Scenarios" data-provider="scenarios" finished-at="2025-11-26T16:07:34 IST" duration-ms="2063" status="PASS">
          <params>
            <param index="0">
              <value>
                <![CDATA["Login with different invalid credentials"]]>
              </value>
            </param>
            <param index="1">
              <value>
                <![CDATA["Optional[Login functionality]"]]>
              </value>
            </param>
          </params>
          <reporter-output>
          </reporter-output>
        </test-method> <!-- runScenario -->
        <test-method signature="runScenario(io.cucumber.testng.PickleWrapper, io.cucumber.testng.FeatureWrapper)[pri:0, instance:testrunner@8b96fde]" started-at="2025-11-26T16:07:34 IST" name="runScenario" description="Runs Cucumber Scenarios" data-provider="scenarios" finished-at="2025-11-26T16:07:36 IST" duration-ms="1907" status="PASS">
          <params>
            <param index="0">
              <value>
                <![CDATA["Login with different invalid credentials"]]>
              </value>
            </param>
            <param index="1">
              <value>
                <![CDATA["Optional[Login functionality]"]]>
              </value>
            </param>
          </params>
          <reporter-output>
          </reporter-output>
        </test-method> <!-- runScenario -->
        <test-method signature="runScenario(io.cucumber.testng.PickleWrapper, io.cucumber.testng.FeatureWrapper)[pri:0, instance:testrunner@8b96fde]" started-at="2025-11-26T16:07:36 IST" name="runScenario" description="Runs Cucumber Scenarios" data-provider="scenarios" finished-at="2025-11-26T16:07:38 IST" duration-ms="1947" status="PASS">
          <params>
            <param index="0">
              <value>
                <![CDATA["Login with different invalid credentials"]]>
              </value>
            </param>
            <param index="1">
              <value>
                <![CDATA["Optional[Login functionality]"]]>
              </value>
            </param>
          </params>
          <reporter-output>
          </reporter-output>
        </test-method> <!-- runScenario -->
        <test-method signature="runScenario(io.cucumber.testng.PickleWrapper, io.cucumber.testng.FeatureWrapper)[pri:0, instance:testrunner@8b96fde]" started-at="2025-11-26T16:07:38 IST" name="runScenario" description="Runs Cucumber Scenarios" data-provider="scenarios" finished-at="2025-11-26T16:07:40 IST" duration-ms="2003" status="PASS">
          <params>
            <param index="0">
              <value>
                <![CDATA["Login with different invalid credentials"]]>
              </value>
            </param>
            <param index="1">
              <value>
                <![CDATA["Optional[Login functionality]"]]>
              </value>
            </param>
          </params>
          <reporter-output>
          </reporter-output>
        </test-method> <!-- runScenario -->
        <test-method signature="runScenario(io.cucumber.testng.PickleWrapper, io.cucumber.testng.FeatureWrapper)[pri:0, instance:testrunner@8b96fde]" started-at="2025-11-26T16:07:40 IST" name="runScenario" description="Runs Cucumber Scenarios" data-provider="scenarios" finished-at="2025-11-26T16:07:44 IST" duration-ms="4200" status="PASS">
          <params>
            <param index="0">
              <value>
                <![CDATA["Verify logout"]]>
              </value>
            </param>
            <param index="1">
              <value>
                <![CDATA["Optional[Logout functionality]"]]>
              </value>
            </param>
          </params>
          <reporter-output>
          </reporter-output>
        </test-method> <!-- runScenario -->
        <test-method signature="runScenario(io.cucumber.testng.PickleWrapper, io.cucumber.testng.FeatureWrapper)[pri:0, instance:testrunner@8b96fde]" started-at="2025-11-26T16:07:44 IST" name="runScenario" description="Runs Cucumber Scenarios" data-provider="scenarios" finished-at="2025-11-26T16:07:46 IST" duration-ms="1968" status="PASS">
          <params>
            <param index="0">
              <value>
                <![CDATA["Verify product page title"]]>
              </value>
            </param>
            <param index="1">
              <value>
                <![CDATA["Optional[product page]"]]>
              </value>
            </param>
          </params>
          <reporter-output>
          </reporter-output>
        </test-method> <!-- runScenario -->
        <test-method signature="runScenario(io.cucumber.testng.PickleWrapper, io.cucumber.testng.FeatureWrapper)[pri:0, instance:testrunner@8b96fde]" started-at="2025-11-26T16:07:46 IST" name="runScenario" description="Runs Cucumber Scenarios" data-provider="scenarios" finished-at="2025-11-26T16:07:48 IST" duration-ms="2029" status="PASS">
          <params>
            <param index="0">
              <value>
                <![CDATA["Verify product list is displayed"]]>
              </value>
            </param>
            <param index="1">
              <value>
                <![CDATA["Optional[product page]"]]>
              </value>
            </param>
          </params>
          <reporter-output>
          </reporter-output>
        </test-method> <!-- runScenario -->
        <test-method signature="runScenario(io.cucumber.testng.PickleWrapper, io.cucumber.testng.FeatureWrapper)[pri:0, instance:testrunner@8b96fde]" started-at="2025-11-26T16:07:48 IST" name="runScenario" description="Runs Cucumber Scenarios" data-provider="scenarios" finished-at="2025-11-26T16:07:51 IST" duration-ms="2519" status="PASS">
          <params>
            <param index="0">
              <value>
                <![CDATA["Verify product details"]]>
              </value>
            </param>
            <param index="1">
              <value>
                <![CDATA["Optional[product page]"]]>
              </value>
            </param>
          </params>
          <reporter-output>
          </reporter-output>
        </test-method> <!-- runScenario -->
        <test-method is-config="true" signature="tearDownClass()[pri:0, instance:testrunner@8b96fde]" started-at="2025-11-26T16:07:51 IST" name="tearDownClass" finished-at="2025-11-26T16:07:51 IST" duration-ms="8" status="PASS">
          <reporter-output>
          </reporter-output>
        </test-method> <!-- tearDownClass -->
      </class> <!-- testrunner -->
    </test> <!-- Test -->
    <test started-at="2025-11-26T16:07:51 IST" name="Reporter" finished-at="2025-11-26T16:07:51 IST" duration-ms="0">
      <class name="utilities.reportGenerator">
        <test-method is-config="true" signature="beforeSuite()[pri:0, instance:utilities.reportGenerator@2b546384]" started-at="2025-11-26T16:06:50 IST" name="beforeSuite" finished-at="2025-11-26T16:06:50 IST" duration-ms="160" status="PASS">
          <reporter-output>
          </reporter-output>
        </test-method> <!-- beforeSuite -->
        <test-method is-config="true" signature="afterSuite()[pri:0, instance:utilities.reportGenerator@2b546384]" started-at="2025-11-26T16:07:51 IST" name="afterSuite" finished-at="2025-11-26T16:07:51 IST" duration-ms="300" status="PASS">
          <reporter-output>
          </reporter-output>
        </test-method> <!-- afterSuite -->
      </class> <!-- utilities.reportGenerator -->
    </test> <!-- Reporter -->
  </suite> <!-- Suite -->
</testng-results>
