<?xml version="1.0" encoding="UTF-8"?>
<testsuite xmlns:xsi="http://www.w3.org/2001/XMLSchema-instance" xsi:noNamespaceSchemaLocation="https://maven.apache.org/surefire/maven-surefire-plugin/xsd/surefire-test-report.xsd" name="TestSuite" time="61.021" tests="22" errors="0" skipped="0" failures="0">
  <properties>
[...]
</properties>
  <testcase name="runScenario" classname="testrunner" time="3.155"/>
  <testcase name="runScenario" classname="testrunner" time="2.187"/>
  <testcase name="runScenario" classname="testrunner" time="4.678"/>
  <testcase name="runScenario" classname="testrunner" time="4.995"/>
  <testcase name="runScenario" classname="testrunner" time="2.335"/>
  <testcase name="runScenario" classname="testrunner" time="2.209"/>
  <testcase name="runScenario" classname="testrunner" time="2.123"/>
  <testcase name="runScenario" classname="testrunner" time="2.204"/>
  <testcase name="runScenario" classname="testrunner" time="1.894"/>
  <testcase name="runScenario" classname="testrunner" time="2.055"/>
  <testcase name="runScenario" classname="testrunner" time="6.876"/>
  <testcase name="runScenario" classname="testrunner" time="2.351"/>
  <testcase name="runScenario" classname="testrunner" time="2.164"/>
  <testcase name="runScenario" classname="testrunner" time="1.94"/>
  <testcase name="runScenario" classname="testrunner" time="2.062"/>
  <testcase name="runScenario" classname="testrunner" time="1.908"/>
  <testcase name="runScenario" classname="testrunner" time="1.947"/>
  <testcase name="runScenario" classname="testrunner" time="2.002"/>
  <testcase name="runScenario" classname="testrunner" time="4.2"/>
  <testcase name="runScenario" classname="testrunner" time="1.969"/>
  <testcase name="runScenario" classname="testrunner" time="2.028"/>
  <testcase name="runScenario" classname="testrunner" time="2.52"/>
</testsuite>