<?xml version="1.0" encoding="UTF-8"?>
<!-- Generated by org.testng.reporters.JUnitReportReporter -->
<testsuite hostname="3578b3d9bbce572" failures="0" tests="22" name="testrunner" time="59.799" errors="0" timestamp="2025-11-26T16:07:51 IST" skipped="0">
  <testcase classname="testrunner" name="runScenario" time="3.153"/>
  <system-out/>
  <testcase classname="testrunner" name="runScenario" time="1.893"/>
  <system-out/>
  <testcase classname="testrunner" name="runScenario" time="2.189"/>
  <system-out/>
  <testcase classname="testrunner" name="runScenario" time="2.124"/>
  <system-out/>
  <testcase classname="testrunner" name="runScenario" time="2.209"/>
  <system-out/>
  <testcase classname="testrunner" name="runScenario" time="2.164"/>
  <system-out/>
  <testcase classname="testrunner" name="runScenario" time="1.940"/>
  <system-out/>
  <testcase classname="testrunner" name="runScenario" time="4.995"/>
  <system-out/>
  <testcase classname="testrunner" name="runScenario" time="2.063"/>
  <system-out/>
  <testcase classname="testrunner" name="runScenario" time="2.003"/>
  <system-out/>
  <testcase classname="testrunner" name="runScenario" time="1.968"/>
  <system-out/>
  <testcase classname="testrunner" name="runScenario" time="2.055"/>
  <system-out/>
  <testcase classname="testrunner" name="runScenario" time="1.907"/>
  <system-out/>
  <testcase classname="testrunner" name="runScenario" time="2.029"/>
  <system-out/>
  <testcase classname="testrunner" name="runScenario" time="2.203"/>
  <system-out/>
  <testcase classname="testrunner" name="runScenario" time="6.877"/>
  <system-out/>
  <testcase classname="testrunner" name="runScenario" time="1.947"/>
  <system-out/>
  <testcase classname="testrunner" name="runScenario" time="2.350"/>
  <system-out/>
  <testcase classname="testrunner" name="runScenario" time="2.519"/>
  <system-out/>
  <testcase classname="testrunner" name="runScenario" time="2.334"/>
  <system-out/>
  <testcase classname="testrunner" name="runScenario" time="4.200"/>
  <system-out/>
  <testcase classname="testrunner" name="runScenario" time="4.677"/>
  <system-out/>
</testsuite> <!-- testrunner -->
