<?xml version="1.0" encoding="UTF-8"?>
<!-- Generated by org.testng.reporters.JUnitReportReporter -->
<testsuite hostname="3578b3d9bbce572" failures="0" tests="22" name="testrunner" time="56.734" errors="0" timestamp="2025-11-26T16:29:28 IST" skipped="0">
  <testcase classname="testrunner" name="runScenario" time="1.707"/>
  <system-out/>
  <testcase classname="testrunner" name="runScenario" time="2.170"/>
  <system-out/>
  <testcase classname="testrunner" name="runScenario" time="1.885"/>
  <system-out/>
  <testcase classname="testrunner" name="runScenario" time="2.128"/>
  <system-out/>
  <testcase classname="testrunner" name="runScenario" time="1.877"/>
  <system-out/>
  <testcase classname="testrunner" name="runScenario" time="2.139"/>
  <system-out/>
  <testcase classname="testrunner" name="runScenario" time="1.845"/>
  <system-out/>
  <testcase classname="testrunner" name="runScenario" time="1.994"/>
  <system-out/>
  <testcase classname="testrunner" name="runScenario" time="1.986"/>
  <system-out/>
  <testcase classname="testrunner" name="runScenario" time="1.779"/>
  <system-out/>
  <testcase classname="testrunner" name="runScenario" time="1.885"/>
  <system-out/>
  <testcase classname="testrunner" name="runScenario" time="1.839"/>
  <system-out/>
  <testcase classname="testrunner" name="runScenario" time="1.904"/>
  <system-out/>
  <testcase classname="testrunner" name="runScenario" time="1.871"/>
  <system-out/>
  <testcase classname="testrunner" name="runScenario" time="4.091"/>
  <system-out/>
  <testcase classname="testrunner" name="runScenario" time="1.881"/>
  <system-out/>
  <testcase classname="testrunner" name="runScenario" time="2.899"/>
  <system-out/>
  <testcase classname="testrunner" name="runScenario" time="6.987"/>
  <system-out/>
  <testcase classname="testrunner" name="runScenario" time="4.566"/>
  <system-out/>
  <testcase classname="testrunner" name="runScenario" time="2.361"/>
  <system-out/>
  <testcase classname="testrunner" name="runScenario" time="4.785"/>
  <system-out/>
  <testcase classname="testrunner" name="runScenario" time="2.155"/>
  <system-out/>
</testsuite> <!-- testrunner -->
